[0.064s] DEBUG:colcon:Command line arguments: ['/usr/bin/colcon', 'build']
[0.064s] DEBUG:colcon:Parsed command line arguments: Namespace(log_base=None, log_level=None, verb_name='build', build_base='build', install_base='install', merge_install=False, symlink_install=False, test_result_base=None, continue_on_error=False, executor='parallel', parallel_workers=8, event_handlers=None, ignore_user_meta=False, metas=['./colcon.meta'], base_paths=['.'], packages_ignore=None, packages_ignore_regex=None, paths=None, packages_up_to=None, packages_up_to_regex=None, packages_above=None, packages_above_and_dependencies=None, packages_above_depth=None, packages_select_by_dep=None, packages_skip_by_dep=None, packages_skip_up_to=None, packages_select_build_failed=False, packages_skip_build_finished=False, packages_select_test_failures=False, packages_skip_test_passed=False, packages_select=None, packages_skip=None, packages_select_regex=None, packages_skip_regex=None, packages_start=None, packages_end=None, allow_overriding=[], cmake_args=None, cmake_target=None, cmake_target_skip_unavailable=False, cmake_clean_cache=False, cmake_clean_first=False, cmake_force_configure=False, ament_cmake_args=None, catkin_cmake_args=None, catkin_skip_building_tests=False, mixin_files=None, mixin=None, verb_parser=<colcon_mixin.mixin.mixin_argument.MixinArgumentDecorator object at 0x78253f1e6020>, verb_extension=<colcon_core.verb.build.BuildVerb object at 0x78253f2e2830>, main=<bound method BuildVerb.main of <colcon_core.verb.build.BuildVerb object at 0x78253f2e2830>>, mixin_verb=('build',))
[0.160s] Level 1:colcon.colcon_core.package_discovery:discover_packages(colcon_meta) check parameters
[0.160s] Level 1:colcon.colcon_core.package_discovery:discover_packages(recursive) check parameters
[0.160s] Level 1:colcon.colcon_core.package_discovery:discover_packages(ignore) check parameters
[0.160s] Level 1:colcon.colcon_core.package_discovery:discover_packages(path) check parameters
[0.160s] Level 1:colcon.colcon_core.package_discovery:discover_packages(colcon_meta) discover
[0.160s] Level 1:colcon.colcon_core.package_discovery:discover_packages(recursive) discover
[0.160s] INFO:colcon.colcon_core.package_discovery:Crawling recursively for packages in '/home/skanderb/QADT2024/Task1'
[0.160s] Level 1:colcon.colcon_core.package_identification:_identify(.) by extensions ['ignore', 'ignore_ament_install']
[0.160s] Level 1:colcon.colcon_core.package_identification:_identify(.) by extension 'ignore'
[0.160s] Level 1:colcon.colcon_core.package_identification:_identify(.) by extension 'ignore_ament_install'
[0.160s] Level 1:colcon.colcon_core.package_identification:_identify(.) by extensions ['colcon_pkg']
[0.160s] Level 1:colcon.colcon_core.package_identification:_identify(.) by extension 'colcon_pkg'
[0.160s] Level 1:colcon.colcon_core.package_identification:_identify(.) by extensions ['colcon_meta']
[0.160s] Level 1:colcon.colcon_core.package_identification:_identify(.) by extension 'colcon_meta'
[0.160s] Level 1:colcon.colcon_core.package_identification:_identify(.) by extensions ['ros']
[0.160s] Level 1:colcon.colcon_core.package_identification:_identify(.) by extension 'ros'
[0.167s] Level 1:colcon.colcon_core.package_identification:_identify(.) by extensions ['cmake', 'python']
[0.167s] Level 1:colcon.colcon_core.package_identification:_identify(.) by extension 'cmake'
[0.167s] Level 1:colcon.colcon_core.package_identification:_identify(.) by extension 'python'
[0.167s] Level 1:colcon.colcon_core.package_identification:_identify(.) by extensions ['python_setup_py']
[0.167s] Level 1:colcon.colcon_core.package_identification:_identify(.) by extension 'python_setup_py'
[0.167s] Level 1:colcon.colcon_core.package_identification:_identify(build) by extensions ['ignore', 'ignore_ament_install']
[0.167s] Level 1:colcon.colcon_core.package_identification:_identify(build) by extension 'ignore'
[0.167s] Level 1:colcon.colcon_core.package_identification:_identify(build) ignored
[0.167s] Level 1:colcon.colcon_core.package_identification:_identify(install) by extensions ['ignore', 'ignore_ament_install']
[0.167s] Level 1:colcon.colcon_core.package_identification:_identify(install) by extension 'ignore'
[0.167s] Level 1:colcon.colcon_core.package_identification:_identify(install) ignored
[0.167s] Level 1:colcon.colcon_core.package_identification:_identify(log) by extensions ['ignore', 'ignore_ament_install']
[0.167s] Level 1:colcon.colcon_core.package_identification:_identify(log) by extension 'ignore'
[0.167s] Level 1:colcon.colcon_core.package_identification:_identify(log) ignored
[0.167s] Level 1:colcon.colcon_core.package_identification:_identify(src) by extensions ['ignore', 'ignore_ament_install']
[0.167s] Level 1:colcon.colcon_core.package_identification:_identify(src) by extension 'ignore'
[0.167s] Level 1:colcon.colcon_core.package_identification:_identify(src) by extension 'ignore_ament_install'
[0.167s] Level 1:colcon.colcon_core.package_identification:_identify(src) by extensions ['colcon_pkg']
[0.167s] Level 1:colcon.colcon_core.package_identification:_identify(src) by extension 'colcon_pkg'
[0.168s] Level 1:colcon.colcon_core.package_identification:_identify(src) by extensions ['colcon_meta']
[0.168s] Level 1:colcon.colcon_core.package_identification:_identify(src) by extension 'colcon_meta'
[0.168s] Level 1:colcon.colcon_core.package_identification:_identify(src) by extensions ['ros']
[0.168s] Level 1:colcon.colcon_core.package_identification:_identify(src) by extension 'ros'
[0.168s] Level 1:colcon.colcon_core.package_identification:_identify(src) by extensions ['cmake', 'python']
[0.168s] Level 1:colcon.colcon_core.package_identification:_identify(src) by extension 'cmake'
[0.168s] Level 1:colcon.colcon_core.package_identification:_identify(src) by extension 'python'
[0.168s] Level 1:colcon.colcon_core.package_identification:_identify(src) by extensions ['python_setup_py']
[0.168s] Level 1:colcon.colcon_core.package_identification:_identify(src) by extension 'python_setup_py'
[0.168s] Level 1:colcon.colcon_core.package_identification:_identify(src/build) by extensions ['ignore', 'ignore_ament_install']
[0.168s] Level 1:colcon.colcon_core.package_identification:_identify(src/build) by extension 'ignore'
[0.168s] Level 1:colcon.colcon_core.package_identification:_identify(src/build) ignored
[0.168s] Level 1:colcon.colcon_core.package_identification:_identify(src/install) by extensions ['ignore', 'ignore_ament_install']
[0.168s] Level 1:colcon.colcon_core.package_identification:_identify(src/install) by extension 'ignore'
[0.168s] Level 1:colcon.colcon_core.package_identification:_identify(src/install) ignored
[0.168s] Level 1:colcon.colcon_core.package_identification:_identify(src/log) by extensions ['ignore', 'ignore_ament_install']
[0.168s] Level 1:colcon.colcon_core.package_identification:_identify(src/log) by extension 'ignore'
[0.168s] Level 1:colcon.colcon_core.package_identification:_identify(src/log) ignored
[0.168s] Level 1:colcon.colcon_core.package_identification:_identify(src/px4_msgs) by extensions ['ignore', 'ignore_ament_install']
[0.168s] Level 1:colcon.colcon_core.package_identification:_identify(src/px4_msgs) by extension 'ignore'
[0.168s] Level 1:colcon.colcon_core.package_identification:_identify(src/px4_msgs) by extension 'ignore_ament_install'
[0.168s] Level 1:colcon.colcon_core.package_identification:_identify(src/px4_msgs) by extensions ['colcon_pkg']
[0.168s] Level 1:colcon.colcon_core.package_identification:_identify(src/px4_msgs) by extension 'colcon_pkg'
[0.168s] Level 1:colcon.colcon_core.package_identification:_identify(src/px4_msgs) by extensions ['colcon_meta']
[0.168s] Level 1:colcon.colcon_core.package_identification:_identify(src/px4_msgs) by extension 'colcon_meta'
[0.168s] Level 1:colcon.colcon_core.package_identification:_identify(src/px4_msgs) by extensions ['ros']
[0.168s] Level 1:colcon.colcon_core.package_identification:_identify(src/px4_msgs) by extension 'ros'
[0.170s] DEBUG:colcon.colcon_core.package_identification:Package 'src/px4_msgs' with type 'ros.ament_cmake' and name 'px4_msgs'
[0.170s] Level 1:colcon.colcon_core.package_identification:_identify(src/px4_ros_com) by extensions ['ignore', 'ignore_ament_install']
[0.170s] Level 1:colcon.colcon_core.package_identification:_identify(src/px4_ros_com) by extension 'ignore'
[0.170s] Level 1:colcon.colcon_core.package_identification:_identify(src/px4_ros_com) by extension 'ignore_ament_install'
[0.170s] Level 1:colcon.colcon_core.package_identification:_identify(src/px4_ros_com) by extensions ['colcon_pkg']
[0.170s] Level 1:colcon.colcon_core.package_identification:_identify(src/px4_ros_com) by extension 'colcon_pkg'
[0.170s] Level 1:colcon.colcon_core.package_identification:_identify(src/px4_ros_com) by extensions ['colcon_meta']
[0.170s] Level 1:colcon.colcon_core.package_identification:_identify(src/px4_ros_com) by extension 'colcon_meta'
[0.170s] Level 1:colcon.colcon_core.package_identification:_identify(src/px4_ros_com) by extensions ['ros']
[0.170s] Level 1:colcon.colcon_core.package_identification:_identify(src/px4_ros_com) by extension 'ros'
[0.171s] DEBUG:colcon.colcon_core.package_identification:Package 'src/px4_ros_com' with type 'ros.ament_cmake' and name 'px4_ros_com'
[0.171s] Level 1:colcon.colcon_core.package_discovery:discover_packages(recursive) using defaults
[0.171s] Level 1:colcon.colcon_core.package_discovery:discover_packages(ignore) discover
[0.171s] Level 1:colcon.colcon_core.package_discovery:discover_packages(ignore) using defaults
[0.171s] Level 1:colcon.colcon_core.package_discovery:discover_packages(path) discover
[0.171s] Level 1:colcon.colcon_core.package_discovery:discover_packages(path) using defaults
[0.183s] Level 1:colcon.colcon_core.package_discovery:discover_packages(prefix_path) check parameters
[0.183s] Level 1:colcon.colcon_core.package_discovery:discover_packages(prefix_path) discover
[0.185s] DEBUG:colcon.colcon_installed_package_information.package_discovery:Found 283 installed packages in /opt/ros/humble
[0.186s] Level 1:colcon.colcon_core.package_discovery:discover_packages(prefix_path) using defaults
[0.213s] Level 5:colcon.colcon_core.verb:set package 'px4_msgs' build argument 'cmake_args' from command line to 'None'
[0.213s] Level 5:colcon.colcon_core.verb:set package 'px4_msgs' build argument 'cmake_target' from command line to 'None'
[0.213s] Level 5:colcon.colcon_core.verb:set package 'px4_msgs' build argument 'cmake_target_skip_unavailable' from command line to 'False'
[0.213s] Level 5:colcon.colcon_core.verb:set package 'px4_msgs' build argument 'cmake_clean_cache' from command line to 'False'
[0.213s] Level 5:colcon.colcon_core.verb:set package 'px4_msgs' build argument 'cmake_clean_first' from command line to 'False'
[0.213s] Level 5:colcon.colcon_core.verb:set package 'px4_msgs' build argument 'cmake_force_configure' from command line to 'False'
[0.214s] Level 5:colcon.colcon_core.verb:set package 'px4_msgs' build argument 'ament_cmake_args' from command line to 'None'
[0.214s] Level 5:colcon.colcon_core.verb:set package 'px4_msgs' build argument 'catkin_cmake_args' from command line to 'None'
[0.214s] Level 5:colcon.colcon_core.verb:set package 'px4_msgs' build argument 'catkin_skip_building_tests' from command line to 'False'
[0.214s] DEBUG:colcon.colcon_core.verb:Building package 'px4_msgs' with the following arguments: {'ament_cmake_args': None, 'build_base': '/home/skanderb/QADT2024/Task1/build/px4_msgs', 'catkin_cmake_args': None, 'catkin_skip_building_tests': False, 'cmake_args': None, 'cmake_clean_cache': False, 'cmake_clean_first': False, 'cmake_force_configure': False, 'cmake_target': None, 'cmake_target_skip_unavailable': False, 'install_base': '/home/skanderb/QADT2024/Task1/install/px4_msgs', 'merge_install': False, 'path': '/home/skanderb/QADT2024/Task1/src/px4_msgs', 'symlink_install': False, 'test_result_base': None}
[0.214s] Level 5:colcon.colcon_core.verb:set package 'px4_ros_com' build argument 'cmake_args' from command line to 'None'
[0.214s] Level 5:colcon.colcon_core.verb:set package 'px4_ros_com' build argument 'cmake_target' from command line to 'None'
[0.214s] Level 5:colcon.colcon_core.verb:set package 'px4_ros_com' build argument 'cmake_target_skip_unavailable' from command line to 'False'
[0.214s] Level 5:colcon.colcon_core.verb:set package 'px4_ros_com' build argument 'cmake_clean_cache' from command line to 'False'
[0.214s] Level 5:colcon.colcon_core.verb:set package 'px4_ros_com' build argument 'cmake_clean_first' from command line to 'False'
[0.214s] Level 5:colcon.colcon_core.verb:set package 'px4_ros_com' build argument 'cmake_force_configure' from command line to 'False'
[0.214s] Level 5:colcon.colcon_core.verb:set package 'px4_ros_com' build argument 'ament_cmake_args' from command line to 'None'
[0.214s] Level 5:colcon.colcon_core.verb:set package 'px4_ros_com' build argument 'catkin_cmake_args' from command line to 'None'
[0.214s] Level 5:colcon.colcon_core.verb:set package 'px4_ros_com' build argument 'catkin_skip_building_tests' from command line to 'False'
[0.214s] DEBUG:colcon.colcon_core.verb:Building package 'px4_ros_com' with the following arguments: {'ament_cmake_args': None, 'build_base': '/home/skanderb/QADT2024/Task1/build/px4_ros_com', 'catkin_cmake_args': None, 'catkin_skip_building_tests': False, 'cmake_args': None, 'cmake_clean_cache': False, 'cmake_clean_first': False, 'cmake_force_configure': False, 'cmake_target': None, 'cmake_target_skip_unavailable': False, 'install_base': '/home/skanderb/QADT2024/Task1/install/px4_ros_com', 'merge_install': False, 'path': '/home/skanderb/QADT2024/Task1/src/px4_ros_com', 'symlink_install': False, 'test_result_base': None}
[0.214s] INFO:colcon.colcon_core.executor:Executing jobs using 'parallel' executor
[0.215s] DEBUG:colcon.colcon_parallel_executor.executor.parallel:run_until_complete
[0.215s] INFO:colcon.colcon_ros.task.ament_cmake.build:Building ROS package in '/home/skanderb/QADT2024/Task1/src/px4_msgs' with build type 'ament_cmake'
[0.215s] INFO:colcon.colcon_cmake.task.cmake.build:Building CMake package in '/home/skanderb/QADT2024/Task1/src/px4_msgs'
[0.216s] INFO:colcon.colcon_core.plugin_system:Skipping extension 'colcon_core.shell.bat': Not used on non-Windows systems
[0.216s] INFO:colcon.colcon_core.shell:Skip shell extension 'powershell' for command environment: Not usable outside of PowerShell
[0.216s] DEBUG:colcon.colcon_core.shell:Skip shell extension 'dsv' for command environment
[0.221s] DEBUG:colcon.colcon_core.event_handler.log_command:Invoking command in '/home/skanderb/QADT2024/Task1/build/px4_msgs': CMAKE_PREFIX_PATH=/opt/ros/humble /usr/bin/cmake /home/skanderb/QADT2024/Task1/src/px4_msgs -DCMAKE_INSTALL_PREFIX=/home/skanderb/QADT2024/Task1/install/px4_msgs
[2.455s] DEBUG:colcon.colcon_core.event_handler.log_command:Invoked command in '/home/skanderb/QADT2024/Task1/build/px4_msgs' returned '0': CMAKE_PREFIX_PATH=/opt/ros/humble /usr/bin/cmake /home/skanderb/QADT2024/Task1/src/px4_msgs -DCMAKE_INSTALL_PREFIX=/home/skanderb/QADT2024/Task1/install/px4_msgs
[2.456s] DEBUG:colcon.colcon_core.event_handler.log_command:Invoking command in '/home/skanderb/QADT2024/Task1/build/px4_msgs': CMAKE_PREFIX_PATH=/opt/ros/humble /usr/bin/cmake --build /home/skanderb/QADT2024/Task1/build/px4_msgs -- -j8 -l8
[225.066s] DEBUG:colcon.colcon_core.event_handler.log_command:Invoked command in '/home/skanderb/QADT2024/Task1/build/px4_msgs' returned '0': CMAKE_PREFIX_PATH=/opt/ros/humble /usr/bin/cmake --build /home/skanderb/QADT2024/Task1/build/px4_msgs -- -j8 -l8
[227.677s] DEBUG:colcon.colcon_core.event_handler.log_command:Invoking command in '/home/skanderb/QADT2024/Task1/build/px4_msgs': CMAKE_PREFIX_PATH=/opt/ros/humble /usr/bin/cmake --install /home/skanderb/QADT2024/Task1/build/px4_msgs
[228.328s] Level 1:colcon.colcon_core.environment:create_environment_scripts_only(px4_msgs)
[228.328s] DEBUG:colcon.colcon_core.event_handler.log_command:Invoked command in '/home/skanderb/QADT2024/Task1/build/px4_msgs' returned '0': CMAKE_PREFIX_PATH=/opt/ros/humble /usr/bin/cmake --install /home/skanderb/QADT2024/Task1/build/px4_msgs
[228.330s] Level 1:colcon.colcon_core.environment:checking '/home/skanderb/QADT2024/Task1/install/px4_msgs' for CMake module files
[228.330s] Level 1:colcon.colcon_core.environment:checking '/home/skanderb/QADT2024/Task1/install/px4_msgs' for CMake config files
[228.331s] Level 1:colcon.colcon_core.shell:create_environment_hook('px4_msgs', 'cmake_prefix_path')
[228.331s] INFO:colcon.colcon_core.shell:Creating environment hook '/home/skanderb/QADT2024/Task1/install/px4_msgs/share/px4_msgs/hook/cmake_prefix_path.ps1'
[228.331s] INFO:colcon.colcon_core.shell:Creating environment descriptor '/home/skanderb/QADT2024/Task1/install/px4_msgs/share/px4_msgs/hook/cmake_prefix_path.dsv'
[228.332s] INFO:colcon.colcon_core.shell:Creating environment hook '/home/skanderb/QADT2024/Task1/install/px4_msgs/share/px4_msgs/hook/cmake_prefix_path.sh'
[228.332s] Level 1:colcon.colcon_core.environment:checking '/home/skanderb/QADT2024/Task1/install/px4_msgs/lib'
[228.332s] Level 1:colcon.colcon_core.shell:create_environment_hook('px4_msgs', 'ld_library_path_lib')
[228.332s] INFO:colcon.colcon_core.shell:Creating environment hook '/home/skanderb/QADT2024/Task1/install/px4_msgs/share/px4_msgs/hook/ld_library_path_lib.ps1'
[228.333s] INFO:colcon.colcon_core.shell:Creating environment descriptor '/home/skanderb/QADT2024/Task1/install/px4_msgs/share/px4_msgs/hook/ld_library_path_lib.dsv'
[228.333s] INFO:colcon.colcon_core.shell:Creating environment hook '/home/skanderb/QADT2024/Task1/install/px4_msgs/share/px4_msgs/hook/ld_library_path_lib.sh'
[228.333s] Level 1:colcon.colcon_core.environment:checking '/home/skanderb/QADT2024/Task1/install/px4_msgs/bin'
[228.333s] Level 1:colcon.colcon_core.environment:checking '/home/skanderb/QADT2024/Task1/install/px4_msgs/lib/pkgconfig/px4_msgs.pc'
[228.333s] Level 1:colcon.colcon_core.environment:checking '/home/skanderb/QADT2024/Task1/install/px4_msgs/lib/python3.10/site-packages'
[228.333s] Level 1:colcon.colcon_core.environment:checking '/home/skanderb/QADT2024/Task1/install/px4_msgs/bin'
[228.333s] INFO:colcon.colcon_core.shell:Creating package script '/home/skanderb/QADT2024/Task1/install/px4_msgs/share/px4_msgs/package.ps1'
[228.334s] INFO:colcon.colcon_core.shell:Creating package descriptor '/home/skanderb/QADT2024/Task1/install/px4_msgs/share/px4_msgs/package.dsv'
[228.334s] INFO:colcon.colcon_core.shell:Creating package script '/home/skanderb/QADT2024/Task1/install/px4_msgs/share/px4_msgs/package.sh'
[228.335s] INFO:colcon.colcon_core.shell:Creating package script '/home/skanderb/QADT2024/Task1/install/px4_msgs/share/px4_msgs/package.bash'
[228.335s] INFO:colcon.colcon_core.shell:Creating package script '/home/skanderb/QADT2024/Task1/install/px4_msgs/share/px4_msgs/package.zsh'
[228.335s] Level 1:colcon.colcon_core.environment:create_file_with_runtime_dependencies(/home/skanderb/QADT2024/Task1/install/px4_msgs/share/colcon-core/packages/px4_msgs)
[230.723s] Level 1:colcon.colcon_core.environment:create_environment_scripts_only(px4_msgs)
[230.724s] Level 1:colcon.colcon_core.environment:checking '/home/skanderb/QADT2024/Task1/install/px4_msgs' for CMake module files
[230.724s] Level 1:colcon.colcon_core.environment:checking '/home/skanderb/QADT2024/Task1/install/px4_msgs' for CMake config files
[230.725s] Level 1:colcon.colcon_core.shell:create_environment_hook('px4_msgs', 'cmake_prefix_path')
[230.725s] INFO:colcon.colcon_core.shell:Creating environment hook '/home/skanderb/QADT2024/Task1/install/px4_msgs/share/px4_msgs/hook/cmake_prefix_path.ps1'
[230.725s] INFO:colcon.colcon_core.shell:Creating environment descriptor '/home/skanderb/QADT2024/Task1/install/px4_msgs/share/px4_msgs/hook/cmake_prefix_path.dsv'
[230.725s] INFO:colcon.colcon_core.shell:Creating environment hook '/home/skanderb/QADT2024/Task1/install/px4_msgs/share/px4_msgs/hook/cmake_prefix_path.sh'
[230.726s] Level 1:colcon.colcon_core.environment:checking '/home/skanderb/QADT2024/Task1/install/px4_msgs/lib'
[230.726s] Level 1:colcon.colcon_core.shell:create_environment_hook('px4_msgs', 'ld_library_path_lib')
[230.726s] INFO:colcon.colcon_core.shell:Creating environment hook '/home/skanderb/QADT2024/Task1/install/px4_msgs/share/px4_msgs/hook/ld_library_path_lib.ps1'
[230.726s] INFO:colcon.colcon_core.shell:Creating environment descriptor '/home/skanderb/QADT2024/Task1/install/px4_msgs/share/px4_msgs/hook/ld_library_path_lib.dsv'
[230.726s] INFO:colcon.colcon_core.shell:Creating environment hook '/home/skanderb/QADT2024/Task1/install/px4_msgs/share/px4_msgs/hook/ld_library_path_lib.sh'
[230.726s] Level 1:colcon.colcon_core.environment:checking '/home/skanderb/QADT2024/Task1/install/px4_msgs/bin'
[230.726s] Level 1:colcon.colcon_core.environment:checking '/home/skanderb/QADT2024/Task1/install/px4_msgs/lib/pkgconfig/px4_msgs.pc'
[230.727s] Level 1:colcon.colcon_core.environment:checking '/home/skanderb/QADT2024/Task1/install/px4_msgs/lib/python3.10/site-packages'
[230.727s] Level 1:colcon.colcon_core.environment:checking '/home/skanderb/QADT2024/Task1/install/px4_msgs/bin'
[230.727s] INFO:colcon.colcon_core.shell:Creating package script '/home/skanderb/QADT2024/Task1/install/px4_msgs/share/px4_msgs/package.ps1'
[230.727s] INFO:colcon.colcon_core.shell:Creating package descriptor '/home/skanderb/QADT2024/Task1/install/px4_msgs/share/px4_msgs/package.dsv'
[230.727s] INFO:colcon.colcon_core.shell:Creating package script '/home/skanderb/QADT2024/Task1/install/px4_msgs/share/px4_msgs/package.sh'
[230.733s] INFO:colcon.colcon_core.shell:Creating package script '/home/skanderb/QADT2024/Task1/install/px4_msgs/share/px4_msgs/package.bash'
[230.733s] INFO:colcon.colcon_core.shell:Creating package script '/home/skanderb/QADT2024/Task1/install/px4_msgs/share/px4_msgs/package.zsh'
[230.734s] Level 1:colcon.colcon_core.environment:create_file_with_runtime_dependencies(/home/skanderb/QADT2024/Task1/install/px4_msgs/share/colcon-core/packages/px4_msgs)
[230.734s] INFO:colcon.colcon_ros.task.ament_cmake.build:Building ROS package in '/home/skanderb/QADT2024/Task1/src/px4_ros_com' with build type 'ament_cmake'
[230.734s] INFO:colcon.colcon_cmake.task.cmake.build:Building CMake package in '/home/skanderb/QADT2024/Task1/src/px4_ros_com'
[230.734s] INFO:colcon.colcon_core.shell:Skip shell extension 'powershell' for command environment: Not usable outside of PowerShell
[230.734s] DEBUG:colcon.colcon_core.shell:Skip shell extension 'dsv' for command environment
[230.742s] DEBUG:colcon.colcon_core.event_handler.log_command:Invoking command in '/home/skanderb/QADT2024/Task1/build/px4_ros_com': AMENT_PREFIX_PATH=/home/skanderb/QADT2024/Task1/install/px4_msgs:${AMENT_PREFIX_PATH} CMAKE_PREFIX_PATH=/home/skanderb/QADT2024/Task1/install/px4_msgs:/opt/ros/humble LD_LIBRARY_PATH=/home/skanderb/QADT2024/Task1/install/px4_msgs/lib:${LD_LIBRARY_PATH} PYTHONPATH=/home/skanderb/QADT2024/Task1/install/px4_msgs/local/lib/python3.10/dist-packages:${PYTHONPATH} /usr/bin/cmake /home/skanderb/QADT2024/Task1/src/px4_ros_com -DCMAKE_INSTALL_PREFIX=/home/skanderb/QADT2024/Task1/install/px4_ros_com
[231.748s] DEBUG:colcon.colcon_core.event_handler.log_command:Invoked command in '/home/skanderb/QADT2024/Task1/build/px4_ros_com' returned '0': AMENT_PREFIX_PATH=/home/skanderb/QADT2024/Task1/install/px4_msgs:${AMENT_PREFIX_PATH} CMAKE_PREFIX_PATH=/home/skanderb/QADT2024/Task1/install/px4_msgs:/opt/ros/humble LD_LIBRARY_PATH=/home/skanderb/QADT2024/Task1/install/px4_msgs/lib:${LD_LIBRARY_PATH} PYTHONPATH=/home/skanderb/QADT2024/Task1/install/px4_msgs/local/lib/python3.10/dist-packages:${PYTHONPATH} /usr/bin/cmake /home/skanderb/QADT2024/Task1/src/px4_ros_com -DCMAKE_INSTALL_PREFIX=/home/skanderb/QADT2024/Task1/install/px4_ros_com
[231.748s] DEBUG:colcon.colcon_core.event_handler.log_command:Invoking command in '/home/skanderb/QADT2024/Task1/build/px4_ros_com': AMENT_PREFIX_PATH=/home/skanderb/QADT2024/Task1/install/px4_msgs:${AMENT_PREFIX_PATH} CMAKE_PREFIX_PATH=/home/skanderb/QADT2024/Task1/install/px4_msgs:/opt/ros/humble LD_LIBRARY_PATH=/home/skanderb/QADT2024/Task1/install/px4_msgs/lib:${LD_LIBRARY_PATH} PYTHONPATH=/home/skanderb/QADT2024/Task1/install/px4_msgs/local/lib/python3.10/dist-packages:${PYTHONPATH} /usr/bin/cmake --build /home/skanderb/QADT2024/Task1/build/px4_ros_com -- -j8 -l8
[240.832s] DEBUG:colcon.colcon_core.event_handler.log_command:Invoked command in '/home/skanderb/QADT2024/Task1/build/px4_ros_com' returned '0': AMENT_PREFIX_PATH=/home/skanderb/QADT2024/Task1/install/px4_msgs:${AMENT_PREFIX_PATH} CMAKE_PREFIX_PATH=/home/skanderb/QADT2024/Task1/install/px4_msgs:/opt/ros/humble LD_LIBRARY_PATH=/home/skanderb/QADT2024/Task1/install/px4_msgs/lib:${LD_LIBRARY_PATH} PYTHONPATH=/home/skanderb/QADT2024/Task1/install/px4_msgs/local/lib/python3.10/dist-packages:${PYTHONPATH} /usr/bin/cmake --build /home/skanderb/QADT2024/Task1/build/px4_ros_com -- -j8 -l8
[240.855s] DEBUG:colcon.colcon_core.event_handler.log_command:Invoking command in '/home/skanderb/QADT2024/Task1/build/px4_ros_com': AMENT_PREFIX_PATH=/home/skanderb/QADT2024/Task1/install/px4_msgs:${AMENT_PREFIX_PATH} CMAKE_PREFIX_PATH=/home/skanderb/QADT2024/Task1/install/px4_msgs:/opt/ros/humble LD_LIBRARY_PATH=/home/skanderb/QADT2024/Task1/install/px4_msgs/lib:${LD_LIBRARY_PATH} PYTHONPATH=/home/skanderb/QADT2024/Task1/install/px4_msgs/local/lib/python3.10/dist-packages:${PYTHONPATH} /usr/bin/cmake --install /home/skanderb/QADT2024/Task1/build/px4_ros_com
[240.895s] Level 1:colcon.colcon_core.environment:create_environment_scripts_only(px4_ros_com)
[240.896s] Level 1:colcon.colcon_core.environment:checking '/home/skanderb/QADT2024/Task1/install/px4_ros_com' for CMake module files
[240.896s] DEBUG:colcon.colcon_core.event_handler.log_command:Invoked command in '/home/skanderb/QADT2024/Task1/build/px4_ros_com' returned '0': AMENT_PREFIX_PATH=/home/skanderb/QADT2024/Task1/install/px4_msgs:${AMENT_PREFIX_PATH} CMAKE_PREFIX_PATH=/home/skanderb/QADT2024/Task1/install/px4_msgs:/opt/ros/humble LD_LIBRARY_PATH=/home/skanderb/QADT2024/Task1/install/px4_msgs/lib:${LD_LIBRARY_PATH} PYTHONPATH=/home/skanderb/QADT2024/Task1/install/px4_msgs/local/lib/python3.10/dist-packages:${PYTHONPATH} /usr/bin/cmake --install /home/skanderb/QADT2024/Task1/build/px4_ros_com
[240.896s] Level 1:colcon.colcon_core.environment:checking '/home/skanderb/QADT2024/Task1/install/px4_ros_com' for CMake config files
[240.896s] Level 1:colcon.colcon_core.shell:create_environment_hook('px4_ros_com', 'cmake_prefix_path')
[240.897s] INFO:colcon.colcon_core.shell:Creating environment hook '/home/skanderb/QADT2024/Task1/install/px4_ros_com/share/px4_ros_com/hook/cmake_prefix_path.ps1'
[240.897s] INFO:colcon.colcon_core.shell:Creating environment descriptor '/home/skanderb/QADT2024/Task1/install/px4_ros_com/share/px4_ros_com/hook/cmake_prefix_path.dsv'
[240.897s] INFO:colcon.colcon_core.shell:Creating environment hook '/home/skanderb/QADT2024/Task1/install/px4_ros_com/share/px4_ros_com/hook/cmake_prefix_path.sh'
[240.897s] Level 1:colcon.colcon_core.environment:checking '/home/skanderb/QADT2024/Task1/install/px4_ros_com/lib'
[240.897s] Level 1:colcon.colcon_core.shell:create_environment_hook('px4_ros_com', 'ld_library_path_lib')
[240.897s] INFO:colcon.colcon_core.shell:Creating environment hook '/home/skanderb/QADT2024/Task1/install/px4_ros_com/share/px4_ros_com/hook/ld_library_path_lib.ps1'
[240.898s] INFO:colcon.colcon_core.shell:Creating environment descriptor '/home/skanderb/QADT2024/Task1/install/px4_ros_com/share/px4_ros_com/hook/ld_library_path_lib.dsv'
[240.898s] INFO:colcon.colcon_core.shell:Creating environment hook '/home/skanderb/QADT2024/Task1/install/px4_ros_com/share/px4_ros_com/hook/ld_library_path_lib.sh'
[240.898s] Level 1:colcon.colcon_core.environment:checking '/home/skanderb/QADT2024/Task1/install/px4_ros_com/bin'
[240.898s] Level 1:colcon.colcon_core.environment:checking '/home/skanderb/QADT2024/Task1/install/px4_ros_com/lib/pkgconfig/px4_ros_com.pc'
[240.898s] Level 1:colcon.colcon_core.environment:checking '/home/skanderb/QADT2024/Task1/install/px4_ros_com/lib/python3.10/site-packages'
[240.898s] Level 1:colcon.colcon_core.environment:checking '/home/skanderb/QADT2024/Task1/install/px4_ros_com/bin'
[240.898s] INFO:colcon.colcon_core.shell:Creating package script '/home/skanderb/QADT2024/Task1/install/px4_ros_com/share/px4_ros_com/package.ps1'
[240.899s] INFO:colcon.colcon_core.shell:Creating package descriptor '/home/skanderb/QADT2024/Task1/install/px4_ros_com/share/px4_ros_com/package.dsv'
[240.899s] INFO:colcon.colcon_core.shell:Creating package script '/home/skanderb/QADT2024/Task1/install/px4_ros_com/share/px4_ros_com/package.sh'
[240.899s] INFO:colcon.colcon_core.shell:Creating package script '/home/skanderb/QADT2024/Task1/install/px4_ros_com/share/px4_ros_com/package.bash'
[240.899s] INFO:colcon.colcon_core.shell:Creating package script '/home/skanderb/QADT2024/Task1/install/px4_ros_com/share/px4_ros_com/package.zsh'
[240.899s] Level 1:colcon.colcon_core.environment:create_file_with_runtime_dependencies(/home/skanderb/QADT2024/Task1/install/px4_ros_com/share/colcon-core/packages/px4_ros_com)
[240.922s] Level 1:colcon.colcon_core.environment:create_environment_scripts_only(px4_ros_com)
[240.923s] Level 1:colcon.colcon_core.environment:checking '/home/skanderb/QADT2024/Task1/install/px4_ros_com' for CMake module files
[240.923s] Level 1:colcon.colcon_core.environment:checking '/home/skanderb/QADT2024/Task1/install/px4_ros_com' for CMake config files
[240.923s] Level 1:colcon.colcon_core.shell:create_environment_hook('px4_ros_com', 'cmake_prefix_path')
[240.923s] INFO:colcon.colcon_core.shell:Creating environment hook '/home/skanderb/QADT2024/Task1/install/px4_ros_com/share/px4_ros_com/hook/cmake_prefix_path.ps1'
[240.923s] INFO:colcon.colcon_core.shell:Creating environment descriptor '/home/skanderb/QADT2024/Task1/install/px4_ros_com/share/px4_ros_com/hook/cmake_prefix_path.dsv'
[240.924s] INFO:colcon.colcon_core.shell:Creating environment hook '/home/skanderb/QADT2024/Task1/install/px4_ros_com/share/px4_ros_com/hook/cmake_prefix_path.sh'
[240.924s] Level 1:colcon.colcon_core.environment:checking '/home/skanderb/QADT2024/Task1/install/px4_ros_com/lib'
[240.924s] Level 1:colcon.colcon_core.shell:create_environment_hook('px4_ros_com', 'ld_library_path_lib')
[240.924s] INFO:colcon.colcon_core.shell:Creating environment hook '/home/skanderb/QADT2024/Task1/install/px4_ros_com/share/px4_ros_com/hook/ld_library_path_lib.ps1'
[240.924s] INFO:colcon.colcon_core.shell:Creating environment descriptor '/home/skanderb/QADT2024/Task1/install/px4_ros_com/share/px4_ros_com/hook/ld_library_path_lib.dsv'
[240.924s] INFO:colcon.colcon_core.shell:Creating environment hook '/home/skanderb/QADT2024/Task1/install/px4_ros_com/share/px4_ros_com/hook/ld_library_path_lib.sh'
[240.925s] Level 1:colcon.colcon_core.environment:checking '/home/skanderb/QADT2024/Task1/install/px4_ros_com/bin'
[240.925s] Level 1:colcon.colcon_core.environment:checking '/home/skanderb/QADT2024/Task1/install/px4_ros_com/lib/pkgconfig/px4_ros_com.pc'
[240.925s] Level 1:colcon.colcon_core.environment:checking '/home/skanderb/QADT2024/Task1/install/px4_ros_com/lib/python3.10/site-packages'
[240.925s] Level 1:colcon.colcon_core.environment:checking '/home/skanderb/QADT2024/Task1/install/px4_ros_com/bin'
[240.925s] INFO:colcon.colcon_core.shell:Creating package script '/home/skanderb/QADT2024/Task1/install/px4_ros_com/share/px4_ros_com/package.ps1'
[240.925s] INFO:colcon.colcon_core.shell:Creating package descriptor '/home/skanderb/QADT2024/Task1/install/px4_ros_com/share/px4_ros_com/package.dsv'
[240.926s] INFO:colcon.colcon_core.shell:Creating package script '/home/skanderb/QADT2024/Task1/install/px4_ros_com/share/px4_ros_com/package.sh'
[240.926s] INFO:colcon.colcon_core.shell:Creating package script '/home/skanderb/QADT2024/Task1/install/px4_ros_com/share/px4_ros_com/package.bash'
[240.926s] INFO:colcon.colcon_core.shell:Creating package script '/home/skanderb/QADT2024/Task1/install/px4_ros_com/share/px4_ros_com/package.zsh'
[240.926s] Level 1:colcon.colcon_core.environment:create_file_with_runtime_dependencies(/home/skanderb/QADT2024/Task1/install/px4_ros_com/share/colcon-core/packages/px4_ros_com)
[240.926s] DEBUG:colcon.colcon_parallel_executor.executor.parallel:closing loop
[240.927s] DEBUG:colcon.colcon_parallel_executor.executor.parallel:loop closed
[240.927s] DEBUG:colcon.colcon_parallel_executor.executor.parallel:run_until_complete finished with '0'
[240.927s] DEBUG:colcon.colcon_core.event_reactor:joining thread
[240.930s] INFO:colcon.colcon_core.plugin_system:Skipping extension 'colcon_notification.desktop_notification.terminal_notifier': Not used on non-Darwin systems
[240.930s] INFO:colcon.colcon_core.plugin_system:Skipping extension 'colcon_notification.desktop_notification.win32': Not used on non-Windows systems
[240.930s] INFO:colcon.colcon_notification.desktop_notification:Sending desktop notification using 'notify2'
[240.941s] DEBUG:colcon.colcon_core.event_reactor:joined thread
[240.942s] INFO:colcon.colcon_core.shell:Creating prefix script '/home/skanderb/QADT2024/Task1/install/local_setup.ps1'
[240.942s] INFO:colcon.colcon_core.shell:Creating prefix util module '/home/skanderb/QADT2024/Task1/install/_local_setup_util_ps1.py'
[240.943s] INFO:colcon.colcon_core.shell:Creating prefix chain script '/home/skanderb/QADT2024/Task1/install/setup.ps1'
[240.944s] INFO:colcon.colcon_core.shell:Creating prefix script '/home/skanderb/QADT2024/Task1/install/local_setup.sh'
[240.944s] INFO:colcon.colcon_core.shell:Creating prefix util module '/home/skanderb/QADT2024/Task1/install/_local_setup_util_sh.py'
[240.945s] INFO:colcon.colcon_core.shell:Creating prefix chain script '/home/skanderb/QADT2024/Task1/install/setup.sh'
[240.945s] INFO:colcon.colcon_core.shell:Creating prefix script '/home/skanderb/QADT2024/Task1/install/local_setup.bash'
[240.946s] INFO:colcon.colcon_core.shell:Creating prefix chain script '/home/skanderb/QADT2024/Task1/install/setup.bash'
[240.946s] INFO:colcon.colcon_core.shell:Creating prefix script '/home/skanderb/QADT2024/Task1/install/local_setup.zsh'
[240.946s] INFO:colcon.colcon_core.shell:Creating prefix chain script '/home/skanderb/QADT2024/Task1/install/setup.zsh'
